[0.044s] Invoking command in '/home/tao/Documents/ROS2_Project/ws02_tools/build/cpp01_launch': CMAKE_PREFIX_PATH=${CMAKE_PREFIX_PATH}:/home/tao/Documents/AD/autowarefoundation/autoware/install/simulator_compatibility_test:/home/tao/Documents/AD/autowarefoundation/autoware/install/ad_api_visualizers:/home/tao/Documents/AD/carla-ros-bridge/install/rqt_carla_control:/home/tao/Documents/AD/carla-ros-bridge/install/carla_waypoint_publisher:/home/tao/Documents/AD/carla-ros-bridge/install/carla_ackermann_control:/home/tao/Documents/AD/carla-ros-bridge/install/carla_ros_bridge:/home/tao/Documents/AD/carla-ros-bridge/install/carla_spawn_objects:/home/tao/Documents/AD/carla-ros-bridge/install/carla_manual_control:/home/tao/Documents/AD/carla-ros-bridge/install/carla_ad_agent:/home/tao/Documents/AD/carla-ros-bridge/install/ros_compatibility:/home/tao/Documents/AD/carla-ros-bridge/install/carla_walker_agent:/home/tao/Documents/AD/carla-ros-bridge/install/carla_twist_to_control:/home/tao/Documents/AD/carla-ros-bridge/install/carla_ros_scenario_runner:/home/tao/Documents/AD/carla-ros-bridge/install/carla_common:/home/tao/Documents/AD/autoware/install/simulator_compatibility_test:/home/tao/Documents/AD/autoware/install/ad_api_visualizers:/opt/ros/humble /usr/bin/cmake /home/tao/Documents/ROS2_Project/ws02_tools/src/cpp01_launch -DCMAKE_INSTALL_PREFIX=/home/tao/Documents/ROS2_Project/ws02_tools/install/cpp01_launch
[0.078s] -- Found ament_cmake: 1.3.8 (/opt/ros/humble/share/ament_cmake/cmake)
[0.254s] -- Found rclcpp: 16.0.8 (/opt/ros/humble/share/rclcpp/cmake)
[0.278s] -- Found rosidl_generator_c: 3.1.5 (/opt/ros/humble/share/rosidl_generator_c/cmake)
[0.279s] -- Found rosidl_adapter: 3.1.5 (/opt/ros/humble/share/rosidl_adapter/cmake)
[0.282s] -- Found rosidl_generator_cpp: 3.1.5 (/opt/ros/humble/share/rosidl_generator_cpp/cmake)
[0.360s] -- Using all available rosidl_typesupport_c: rosidl_typesupport_fastrtps_c;rosidl_typesupport_introspection_c
[0.442s] -- Using all available rosidl_typesupport_cpp: rosidl_typesupport_fastrtps_cpp;rosidl_typesupport_introspection_cpp
[0.546s] -- Found rmw_implementation_cmake: 6.1.1 (/opt/ros/humble/share/rmw_implementation_cmake/cmake)
[0.620s] -- Found rmw_cyclonedds_cpp: 1.3.4 (/opt/ros/humble/share/rmw_cyclonedds_cpp/cmake)
[0.703s] -- Using RMW implementation 'rmw_cyclonedds_cpp' as default
[0.787s] [31mCMake Error at CMakeLists.txt:14 (install):
[0.787s]   install does not recognize sub-command DIERECTORY
[0.787s] 
[0.787s] [0m
[0.787s] -- Found ament_lint_auto: 0.12.10 (/opt/ros/humble/share/ament_lint_auto/cmake)
[0.868s] -- Added test 'lint_cmake' to check CMake code style
[0.868s] -- Added test 'xmllint' to check XML markup files
[0.869s] -- Configuring incomplete, errors occurred!
[0.869s] See also "/home/tao/Documents/ROS2_Project/ws02_tools/build/cpp01_launch/CMakeFiles/CMakeOutput.log".
[0.874s] Invoked command in '/home/tao/Documents/ROS2_Project/ws02_tools/build/cpp01_launch' returned '1': CMAKE_PREFIX_PATH=${CMAKE_PREFIX_PATH}:/home/tao/Documents/AD/autowarefoundation/autoware/install/simulator_compatibility_test:/home/tao/Documents/AD/autowarefoundation/autoware/install/ad_api_visualizers:/home/tao/Documents/AD/carla-ros-bridge/install/rqt_carla_control:/home/tao/Documents/AD/carla-ros-bridge/install/carla_waypoint_publisher:/home/tao/Documents/AD/carla-ros-bridge/install/carla_ackermann_control:/home/tao/Documents/AD/carla-ros-bridge/install/carla_ros_bridge:/home/tao/Documents/AD/carla-ros-bridge/install/carla_spawn_objects:/home/tao/Documents/AD/carla-ros-bridge/install/carla_manual_control:/home/tao/Documents/AD/carla-ros-bridge/install/carla_ad_agent:/home/tao/Documents/AD/carla-ros-bridge/install/ros_compatibility:/home/tao/Documents/AD/carla-ros-bridge/install/carla_walker_agent:/home/tao/Documents/AD/carla-ros-bridge/install/carla_twist_to_control:/home/tao/Documents/AD/carla-ros-bridge/install/carla_ros_scenario_runner:/home/tao/Documents/AD/carla-ros-bridge/install/carla_common:/home/tao/Documents/AD/autoware/install/simulator_compatibility_test:/home/tao/Documents/AD/autoware/install/ad_api_visualizers:/opt/ros/humble /usr/bin/cmake /home/tao/Documents/ROS2_Project/ws02_tools/src/cpp01_launch -DCMAKE_INSTALL_PREFIX=/home/tao/Documents/ROS2_Project/ws02_tools/install/cpp01_launch
