running egg_info
creating ../../build/py01_launch/py01_launch.egg-info
writing ../../build/py01_launch/py01_launch.egg-info/PKG-INFO
writing dependency_links to ../../build/py01_launch/py01_launch.egg-info/dependency_links.txt
writing entry points to ../../build/py01_launch/py01_launch.egg-info/entry_points.txt
writing requirements to ../../build/py01_launch/py01_launch.egg-info/requires.txt
writing top-level names to ../../build/py01_launch/py01_launch.egg-info/top_level.txt
writing manifest file '../../build/py01_launch/py01_launch.egg-info/SOURCES.txt'
reading manifest file '../../build/py01_launch/py01_launch.egg-info/SOURCES.txt'
writing manifest file '../../build/py01_launch/py01_launch.egg-info/SOURCES.txt'
running build
running build_py
creating /home/tao/Documents/ROS2_Project/ws02_tools/build/py01_launch/build
creating /home/tao/Documents/ROS2_Project/ws02_tools/build/py01_launch/build/lib
creating /home/tao/Documents/ROS2_Project/ws02_tools/build/py01_launch/build/lib/py01_launch
copying py01_launch/__init__.py -> /home/tao/Documents/ROS2_Project/ws02_tools/build/py01_launch/build/lib/py01_launch
running install
running install_lib
creating /home/tao/Documents/ROS2_Project/ws02_tools/install/py01_launch/lib/python3.10/site-packages/py01_launch
copying /home/tao/Documents/ROS2_Project/ws02_tools/build/py01_launch/build/lib/py01_launch/__init__.py -> /home/tao/Documents/ROS2_Project/ws02_tools/install/py01_launch/lib/python3.10/site-packages/py01_launch
byte-compiling /home/tao/Documents/ROS2_Project/ws02_tools/install/py01_launch/lib/python3.10/site-packages/py01_launch/__init__.py to __init__.cpython-310.pyc
running install_data
creating /home/tao/Documents/ROS2_Project/ws02_tools/install/py01_launch/share/ament_index
creating /home/tao/Documents/ROS2_Project/ws02_tools/install/py01_launch/share/ament_index/resource_index
creating /home/tao/Documents/ROS2_Project/ws02_tools/install/py01_launch/share/ament_index/resource_index/packages
copying resource/py01_launch -> /home/tao/Documents/ROS2_Project/ws02_tools/install/py01_launch/share/ament_index/resource_index/packages
copying package.xml -> /home/tao/Documents/ROS2_Project/ws02_tools/install/py01_launch/share/py01_launch
