[0.725s] Invoking command in '/home/tao/Documents/ROS2_Project/ws02_tools/src/py01_launch': PYTHONPATH=/home/tao/Documents/ROS2_Project/ws02_tools/build/py01_launch/prefix_override:/home/tao/Documents/ROS2_Project/ws02_tools/install/py01_launch/lib/python3.10/site-packages:${PYTHONPATH} /usr/bin/python3 -W ignore:setup.py install is deprecated setup.py egg_info --egg-base ../../build/py01_launch build --build-base /home/tao/Documents/ROS2_Project/ws02_tools/build/py01_launch/build install --record /home/tao/Documents/ROS2_Project/ws02_tools/build/py01_launch/install.log --single-version-externally-managed install_data
[0.989s] running egg_info
[0.989s] creating ../../build/py01_launch/py01_launch.egg-info
[0.989s] writing ../../build/py01_launch/py01_launch.egg-info/PKG-INFO
[0.989s] writing dependency_links to ../../build/py01_launch/py01_launch.egg-info/dependency_links.txt
[0.990s] writing entry points to ../../build/py01_launch/py01_launch.egg-info/entry_points.txt
[0.990s] writing requirements to ../../build/py01_launch/py01_launch.egg-info/requires.txt
[0.990s] writing top-level names to ../../build/py01_launch/py01_launch.egg-info/top_level.txt
[0.990s] writing manifest file '../../build/py01_launch/py01_launch.egg-info/SOURCES.txt'
[0.991s] reading manifest file '../../build/py01_launch/py01_launch.egg-info/SOURCES.txt'
[0.991s] writing manifest file '../../build/py01_launch/py01_launch.egg-info/SOURCES.txt'
[0.991s] running build
[0.991s] running build_py
[0.991s] creating /home/tao/Documents/ROS2_Project/ws02_tools/build/py01_launch/build
[0.991s] creating /home/tao/Documents/ROS2_Project/ws02_tools/build/py01_launch/build/lib
[0.992s] creating /home/tao/Documents/ROS2_Project/ws02_tools/build/py01_launch/build/lib/py01_launch
[0.992s] copying py01_launch/__init__.py -> /home/tao/Documents/ROS2_Project/ws02_tools/build/py01_launch/build/lib/py01_launch
[0.992s] running install
[0.992s] running install_lib
[0.992s] creating /home/tao/Documents/ROS2_Project/ws02_tools/install/py01_launch/lib/python3.10/site-packages/py01_launch
[0.992s] copying /home/tao/Documents/ROS2_Project/ws02_tools/build/py01_launch/build/lib/py01_launch/__init__.py -> /home/tao/Documents/ROS2_Project/ws02_tools/install/py01_launch/lib/python3.10/site-packages/py01_launch
[0.993s] byte-compiling /home/tao/Documents/ROS2_Project/ws02_tools/install/py01_launch/lib/python3.10/site-packages/py01_launch/__init__.py to __init__.cpython-310.pyc
[0.993s] running install_data
[0.993s] creating /home/tao/Documents/ROS2_Project/ws02_tools/install/py01_launch/share/ament_index
[0.993s] creating /home/tao/Documents/ROS2_Project/ws02_tools/install/py01_launch/share/ament_index/resource_index
[0.993s] creating /home/tao/Documents/ROS2_Project/ws02_tools/install/py01_launch/share/ament_index/resource_index/packages
[0.993s] copying resource/py01_launch -> /home/tao/Documents/ROS2_Project/ws02_tools/install/py01_launch/share/ament_index/resource_index/packages
[0.993s] copying package.xml -> /home/tao/Documents/ROS2_Project/ws02_tools/install/py01_launch/share/py01_launch
[0.993s] error: can't copy 'launch/py01_helloworld_launch.py': doesn't exist or not a regular file
[1.003s] Invoked command in '/home/tao/Documents/ROS2_Project/ws02_tools/src/py01_launch' returned '1': PYTHONPATH=/home/tao/Documents/ROS2_Project/ws02_tools/build/py01_launch/prefix_override:/home/tao/Documents/ROS2_Project/ws02_tools/install/py01_launch/lib/python3.10/site-packages:${PYTHONPATH} /usr/bin/python3 -W ignore:setup.py install is deprecated setup.py egg_info --egg-base ../../build/py01_launch build --build-base /home/tao/Documents/ROS2_Project/ws02_tools/build/py01_launch/build install --record /home/tao/Documents/ROS2_Project/ws02_tools/build/py01_launch/install.log --single-version-externally-managed install_data
