[0.042s] Invoking command in '/home/tao/Documents/ROS2_Project/ws02_tools/build/cpp01_launch': CMAKE_PREFIX_PATH=${CMAKE_PREFIX_PATH}:/home/tao/Documents/AD/autowarefoundation/autoware/install/simulator_compatibility_test:/home/tao/Documents/AD/autowarefoundation/autoware/install/ad_api_visualizers:/home/tao/Documents/AD/carla-ros-bridge/install/rqt_carla_control:/home/tao/Documents/AD/carla-ros-bridge/install/carla_waypoint_publisher:/home/tao/Documents/AD/carla-ros-bridge/install/carla_ackermann_control:/home/tao/Documents/AD/carla-ros-bridge/install/carla_ros_bridge:/home/tao/Documents/AD/carla-ros-bridge/install/carla_spawn_objects:/home/tao/Documents/AD/carla-ros-bridge/install/carla_manual_control:/home/tao/Documents/AD/carla-ros-bridge/install/carla_ad_agent:/home/tao/Documents/AD/carla-ros-bridge/install/ros_compatibility:/home/tao/Documents/AD/carla-ros-bridge/install/carla_walker_agent:/home/tao/Documents/AD/carla-ros-bridge/install/carla_twist_to_control:/home/tao/Documents/AD/carla-ros-bridge/install/carla_ros_scenario_runner:/home/tao/Documents/AD/carla-ros-bridge/install/carla_common:/home/tao/Documents/AD/autoware/install/simulator_compatibility_test:/home/tao/Documents/AD/autoware/install/ad_api_visualizers:/opt/ros/humble /usr/bin/cmake --build /home/tao/Documents/ROS2_Project/ws02_tools/build/cpp01_launch -- -j20 -l20
[0.118s] -- Found ament_cmake: 1.3.8 (/opt/ros/humble/share/ament_cmake/cmake)
[0.289s] -- Found rclcpp: 16.0.8 (/opt/ros/humble/share/rclcpp/cmake)
[0.315s] -- Found rosidl_generator_c: 3.1.5 (/opt/ros/humble/share/rosidl_generator_c/cmake)
[0.316s] -- Found rosidl_adapter: 3.1.5 (/opt/ros/humble/share/rosidl_adapter/cmake)
[0.319s] -- Found rosidl_generator_cpp: 3.1.5 (/opt/ros/humble/share/rosidl_generator_cpp/cmake)
[0.399s] -- Using all available rosidl_typesupport_c: rosidl_typesupport_fastrtps_c;rosidl_typesupport_introspection_c
[0.479s] -- Using all available rosidl_typesupport_cpp: rosidl_typesupport_fastrtps_cpp;rosidl_typesupport_introspection_cpp
[0.583s] -- Found rmw_implementation_cmake: 6.1.1 (/opt/ros/humble/share/rmw_implementation_cmake/cmake)
[0.653s] -- Found rmw_cyclonedds_cpp: 1.3.4 (/opt/ros/humble/share/rmw_cyclonedds_cpp/cmake)
[0.739s] -- Using RMW implementation 'rmw_cyclonedds_cpp' as default
[0.826s] -- Found ament_lint_auto: 0.12.10 (/opt/ros/humble/share/ament_lint_auto/cmake)
[0.911s] -- Added test 'flake8' to check Python code syntax and style conventions
[0.918s] -- Added test 'lint_cmake' to check CMake code style
[0.918s] -- Added test 'pep257' to check Python code against some of the docstring style conventions in PEP 257
[0.925s] -- Added test 'xmllint' to check XML markup files
[0.926s] -- Configuring done
[0.928s] -- Generating done
[0.928s] -- Build files have been written to: /home/tao/Documents/ROS2_Project/ws02_tools/build/cpp01_launch
[1.000s] Invoked command in '/home/tao/Documents/ROS2_Project/ws02_tools/build/cpp01_launch' returned '0': CMAKE_PREFIX_PATH=${CMAKE_PREFIX_PATH}:/home/tao/Documents/AD/autowarefoundation/autoware/install/simulator_compatibility_test:/home/tao/Documents/AD/autowarefoundation/autoware/install/ad_api_visualizers:/home/tao/Documents/AD/carla-ros-bridge/install/rqt_carla_control:/home/tao/Documents/AD/carla-ros-bridge/install/carla_waypoint_publisher:/home/tao/Documents/AD/carla-ros-bridge/install/carla_ackermann_control:/home/tao/Documents/AD/carla-ros-bridge/install/carla_ros_bridge:/home/tao/Documents/AD/carla-ros-bridge/install/carla_spawn_objects:/home/tao/Documents/AD/carla-ros-bridge/install/carla_manual_control:/home/tao/Documents/AD/carla-ros-bridge/install/carla_ad_agent:/home/tao/Documents/AD/carla-ros-bridge/install/ros_compatibility:/home/tao/Documents/AD/carla-ros-bridge/install/carla_walker_agent:/home/tao/Documents/AD/carla-ros-bridge/install/carla_twist_to_control:/home/tao/Documents/AD/carla-ros-bridge/install/carla_ros_scenario_runner:/home/tao/Documents/AD/carla-ros-bridge/install/carla_common:/home/tao/Documents/AD/autoware/install/simulator_compatibility_test:/home/tao/Documents/AD/autoware/install/ad_api_visualizers:/opt/ros/humble /usr/bin/cmake --build /home/tao/Documents/ROS2_Project/ws02_tools/build/cpp01_launch -- -j20 -l20
[1.152s] Invoking command in '/home/tao/Documents/ROS2_Project/ws02_tools/build/cpp01_launch': CMAKE_PREFIX_PATH=${CMAKE_PREFIX_PATH}:/home/tao/Documents/AD/autowarefoundation/autoware/install/simulator_compatibility_test:/home/tao/Documents/AD/autowarefoundation/autoware/install/ad_api_visualizers:/home/tao/Documents/AD/carla-ros-bridge/install/rqt_carla_control:/home/tao/Documents/AD/carla-ros-bridge/install/carla_waypoint_publisher:/home/tao/Documents/AD/carla-ros-bridge/install/carla_ackermann_control:/home/tao/Documents/AD/carla-ros-bridge/install/carla_ros_bridge:/home/tao/Documents/AD/carla-ros-bridge/install/carla_spawn_objects:/home/tao/Documents/AD/carla-ros-bridge/install/carla_manual_control:/home/tao/Documents/AD/carla-ros-bridge/install/carla_ad_agent:/home/tao/Documents/AD/carla-ros-bridge/install/ros_compatibility:/home/tao/Documents/AD/carla-ros-bridge/install/carla_walker_agent:/home/tao/Documents/AD/carla-ros-bridge/install/carla_twist_to_control:/home/tao/Documents/AD/carla-ros-bridge/install/carla_ros_scenario_runner:/home/tao/Documents/AD/carla-ros-bridge/install/carla_common:/home/tao/Documents/AD/autoware/install/simulator_compatibility_test:/home/tao/Documents/AD/autoware/install/ad_api_visualizers:/opt/ros/humble /usr/bin/cmake --install /home/tao/Documents/ROS2_Project/ws02_tools/build/cpp01_launch
[1.181s] -- Install configuration: ""
[1.181s] -- Up-to-date: /home/tao/Documents/ROS2_Project/ws02_tools/install/cpp01_launch/share/cpp01_launch/launch
[1.181s] -- Up-to-date: /home/tao/Documents/ROS2_Project/ws02_tools/install/cpp01_launch/share/cpp01_launch/launch/py01_helloworld_launch.py
[1.181s] -- Installing: /home/tao/Documents/ROS2_Project/ws02_tools/install/cpp01_launch/share/ament_index/resource_index/package_run_dependencies/cpp01_launch
[1.182s] -- Installing: /home/tao/Documents/ROS2_Project/ws02_tools/install/cpp01_launch/share/ament_index/resource_index/parent_prefix_path/cpp01_launch
[1.182s] -- Up-to-date: /home/tao/Documents/ROS2_Project/ws02_tools/install/cpp01_launch/share/cpp01_launch/environment/ament_prefix_path.sh
[1.182s] -- Installing: /home/tao/Documents/ROS2_Project/ws02_tools/install/cpp01_launch/share/cpp01_launch/environment/ament_prefix_path.dsv
[1.182s] -- Up-to-date: /home/tao/Documents/ROS2_Project/ws02_tools/install/cpp01_launch/share/cpp01_launch/environment/path.sh
[1.182s] -- Installing: /home/tao/Documents/ROS2_Project/ws02_tools/install/cpp01_launch/share/cpp01_launch/environment/path.dsv
[1.182s] -- Up-to-date: /home/tao/Documents/ROS2_Project/ws02_tools/install/cpp01_launch/share/cpp01_launch/local_setup.bash
[1.182s] -- Up-to-date: /home/tao/Documents/ROS2_Project/ws02_tools/install/cpp01_launch/share/cpp01_launch/local_setup.sh
[1.182s] -- Up-to-date: /home/tao/Documents/ROS2_Project/ws02_tools/install/cpp01_launch/share/cpp01_launch/local_setup.zsh
[1.182s] -- Installing: /home/tao/Documents/ROS2_Project/ws02_tools/install/cpp01_launch/share/cpp01_launch/local_setup.dsv
[1.182s] -- Installing: /home/tao/Documents/ROS2_Project/ws02_tools/install/cpp01_launch/share/cpp01_launch/package.dsv
[1.182s] -- Up-to-date: /home/tao/Documents/ROS2_Project/ws02_tools/install/cpp01_launch/share/ament_index/resource_index/packages/cpp01_launch
[1.182s] -- Up-to-date: /home/tao/Documents/ROS2_Project/ws02_tools/install/cpp01_launch/share/cpp01_launch/cmake/cpp01_launchConfig.cmake
[1.182s] -- Up-to-date: /home/tao/Documents/ROS2_Project/ws02_tools/install/cpp01_launch/share/cpp01_launch/cmake/cpp01_launchConfig-version.cmake
[1.182s] -- Installing: /home/tao/Documents/ROS2_Project/ws02_tools/install/cpp01_launch/share/cpp01_launch/package.xml
[1.183s] Invoked command in '/home/tao/Documents/ROS2_Project/ws02_tools/build/cpp01_launch' returned '0': CMAKE_PREFIX_PATH=${CMAKE_PREFIX_PATH}:/home/tao/Documents/AD/autowarefoundation/autoware/install/simulator_compatibility_test:/home/tao/Documents/AD/autowarefoundation/autoware/install/ad_api_visualizers:/home/tao/Documents/AD/carla-ros-bridge/install/rqt_carla_control:/home/tao/Documents/AD/carla-ros-bridge/install/carla_waypoint_publisher:/home/tao/Documents/AD/carla-ros-bridge/install/carla_ackermann_control:/home/tao/Documents/AD/carla-ros-bridge/install/carla_ros_bridge:/home/tao/Documents/AD/carla-ros-bridge/install/carla_spawn_objects:/home/tao/Documents/AD/carla-ros-bridge/install/carla_manual_control:/home/tao/Documents/AD/carla-ros-bridge/install/carla_ad_agent:/home/tao/Documents/AD/carla-ros-bridge/install/ros_compatibility:/home/tao/Documents/AD/carla-ros-bridge/install/carla_walker_agent:/home/tao/Documents/AD/carla-ros-bridge/install/carla_twist_to_control:/home/tao/Documents/AD/carla-ros-bridge/install/carla_ros_scenario_runner:/home/tao/Documents/AD/carla-ros-bridge/install/carla_common:/home/tao/Documents/AD/autoware/install/simulator_compatibility_test:/home/tao/Documents/AD/autoware/install/ad_api_visualizers:/opt/ros/humble /usr/bin/cmake --install /home/tao/Documents/ROS2_Project/ws02_tools/build/cpp01_launch
