[0.689s] Invoking command in '/home/tao/Documents/ROS2_Project/ws02_tools/src/py01_launch': PYTHONPATH=/home/tao/Documents/ROS2_Project/ws02_tools/build/py01_launch/prefix_override:/home/tao/Documents/ROS2_Project/ws02_tools/install/py01_launch/lib/python3.10/site-packages:${PYTHONPATH} /usr/bin/python3 -W ignore:setup.py install is deprecated setup.py egg_info --egg-base ../../build/py01_launch build --build-base /home/tao/Documents/ROS2_Project/ws02_tools/build/py01_launch/build install --record /home/tao/Documents/ROS2_Project/ws02_tools/build/py01_launch/install.log --single-version-externally-managed install_data
[0.953s] running egg_info
[0.953s] writing ../../build/py01_launch/py01_launch.egg-info/PKG-INFO
[0.954s] writing dependency_links to ../../build/py01_launch/py01_launch.egg-info/dependency_links.txt
[0.954s] writing entry points to ../../build/py01_launch/py01_launch.egg-info/entry_points.txt
[0.954s] writing requirements to ../../build/py01_launch/py01_launch.egg-info/requires.txt
[0.954s] writing top-level names to ../../build/py01_launch/py01_launch.egg-info/top_level.txt
[0.955s] reading manifest file '../../build/py01_launch/py01_launch.egg-info/SOURCES.txt'
[0.955s] writing manifest file '../../build/py01_launch/py01_launch.egg-info/SOURCES.txt'
[0.955s] running build
[0.956s] running build_py
[0.956s] running install
[0.956s] running install_lib
[0.957s] running install_data
[0.957s] running install_egg_info
[0.959s] removing '/home/tao/Documents/ROS2_Project/ws02_tools/install/py01_launch/lib/python3.10/site-packages/py01_launch-0.0.0-py3.10.egg-info' (and everything under it)
[0.959s] Copying ../../build/py01_launch/py01_launch.egg-info to /home/tao/Documents/ROS2_Project/ws02_tools/install/py01_launch/lib/python3.10/site-packages/py01_launch-0.0.0-py3.10.egg-info
[0.959s] running install_scripts
[0.977s] writing list of installed files to '/home/tao/Documents/ROS2_Project/ws02_tools/build/py01_launch/install.log'
[0.990s] Invoked command in '/home/tao/Documents/ROS2_Project/ws02_tools/src/py01_launch' returned '0': PYTHONPATH=/home/tao/Documents/ROS2_Project/ws02_tools/build/py01_launch/prefix_override:/home/tao/Documents/ROS2_Project/ws02_tools/install/py01_launch/lib/python3.10/site-packages:${PYTHONPATH} /usr/bin/python3 -W ignore:setup.py install is deprecated setup.py egg_info --egg-base ../../build/py01_launch build --build-base /home/tao/Documents/ROS2_Project/ws02_tools/build/py01_launch/build install --record /home/tao/Documents/ROS2_Project/ws02_tools/build/py01_launch/install.log --single-version-externally-managed install_data
