[0.042s] Invoking command in '/home/tao/Documents/ROS2_Project/ws02_tools/build/cpp01_launch': CMAKE_PREFIX_PATH=${CMAKE_PREFIX_PATH}:/home/tao/Documents/AD/autowarefoundation/autoware/install/simulator_compatibility_test:/home/tao/Documents/AD/autowarefoundation/autoware/install/ad_api_visualizers:/home/tao/Documents/AD/carla-ros-bridge/install/rqt_carla_control:/home/tao/Documents/AD/carla-ros-bridge/install/carla_waypoint_publisher:/home/tao/Documents/AD/carla-ros-bridge/install/carla_ackermann_control:/home/tao/Documents/AD/carla-ros-bridge/install/carla_ros_bridge:/home/tao/Documents/AD/carla-ros-bridge/install/carla_spawn_objects:/home/tao/Documents/AD/carla-ros-bridge/install/carla_manual_control:/home/tao/Documents/AD/carla-ros-bridge/install/carla_ad_agent:/home/tao/Documents/AD/carla-ros-bridge/install/ros_compatibility:/home/tao/Documents/AD/carla-ros-bridge/install/carla_walker_agent:/home/tao/Documents/AD/carla-ros-bridge/install/carla_twist_to_control:/home/tao/Documents/AD/carla-ros-bridge/install/carla_ros_scenario_runner:/home/tao/Documents/AD/carla-ros-bridge/install/carla_common:/home/tao/Documents/AD/autoware/install/simulator_compatibility_test:/home/tao/Documents/AD/autoware/install/ad_api_visualizers:/opt/ros/humble /usr/bin/cmake /home/tao/Documents/ROS2_Project/ws02_tools/src/cpp01_launch -DCMAKE_INSTALL_PREFIX=/home/tao/Documents/ROS2_Project/ws02_tools/install/cpp01_launch
[0.198s] -- The C compiler identification is GNU 11.4.0
[0.285s] -- The CXX compiler identification is GNU 11.4.0
[0.299s] -- Detecting C compiler ABI info
[0.485s] -- Detecting C compiler ABI info - done
[0.489s] -- Check for working C compiler: /usr/bin/cc - skipped
[0.491s] -- Detecting C compile features
[0.491s] -- Detecting C compile features - done
[0.493s] -- Detecting CXX compiler ABI info
[0.697s] -- Detecting CXX compiler ABI info - done
[0.701s] -- Check for working CXX compiler: /usr/bin/c++ - skipped
[0.701s] -- Detecting CXX compile features
[0.701s] -- Detecting CXX compile features - done
[0.750s] -- Found ament_cmake: 1.3.8 (/opt/ros/humble/share/ament_cmake/cmake)
[1.086s] -- Found Python3: /usr/bin/python3 (found version "3.10.12") found components: Interpreter 
[1.618s] -- Found rclcpp: 16.0.8 (/opt/ros/humble/share/rclcpp/cmake)
[2.002s] -- Found rosidl_generator_c: 3.1.5 (/opt/ros/humble/share/rosidl_generator_c/cmake)
[2.069s] -- Found rosidl_adapter: 3.1.5 (/opt/ros/humble/share/rosidl_adapter/cmake)
[2.138s] -- Found rosidl_generator_cpp: 3.1.5 (/opt/ros/humble/share/rosidl_generator_cpp/cmake)
[2.287s] -- Using all available rosidl_typesupport_c: rosidl_typesupport_fastrtps_c;rosidl_typesupport_introspection_c
[2.461s] -- Using all available rosidl_typesupport_cpp: rosidl_typesupport_fastrtps_cpp;rosidl_typesupport_introspection_cpp
[2.883s] -- Found rmw_implementation_cmake: 6.1.1 (/opt/ros/humble/share/rmw_implementation_cmake/cmake)
[2.987s] -- Found rmw_cyclonedds_cpp: 1.3.4 (/opt/ros/humble/share/rmw_cyclonedds_cpp/cmake)
[3.266s] -- Using RMW implementation 'rmw_cyclonedds_cpp' as default
[3.370s] -- Looking for pthread.h
[3.557s] -- Looking for pthread.h - found
[3.557s] -- Performing Test CMAKE_HAVE_LIBC_PTHREAD
[3.750s] -- Performing Test CMAKE_HAVE_LIBC_PTHREAD - Success
[3.750s] -- Found Threads: TRUE  
[3.987s] [31mCMake Error at CMakeLists.txt:12 (install):
[3.988s]   install does not recognize sub-command DIERWCTORY
[3.988s] 
[3.988s] [0m
[4.020s] -- Found ament_lint_auto: 0.12.10 (/opt/ros/humble/share/ament_lint_auto/cmake)
[4.347s] -- Added test 'lint_cmake' to check CMake code style
[4.355s] -- Added test 'xmllint' to check XML markup files
[4.369s] -- Configuring incomplete, errors occurred!
[4.369s] See also "/home/tao/Documents/ROS2_Project/ws02_tools/build/cpp01_launch/CMakeFiles/CMakeOutput.log".
[4.375s] Invoked command in '/home/tao/Documents/ROS2_Project/ws02_tools/build/cpp01_launch' returned '1': CMAKE_PREFIX_PATH=${CMAKE_PREFIX_PATH}:/home/tao/Documents/AD/autowarefoundation/autoware/install/simulator_compatibility_test:/home/tao/Documents/AD/autowarefoundation/autoware/install/ad_api_visualizers:/home/tao/Documents/AD/carla-ros-bridge/install/rqt_carla_control:/home/tao/Documents/AD/carla-ros-bridge/install/carla_waypoint_publisher:/home/tao/Documents/AD/carla-ros-bridge/install/carla_ackermann_control:/home/tao/Documents/AD/carla-ros-bridge/install/carla_ros_bridge:/home/tao/Documents/AD/carla-ros-bridge/install/carla_spawn_objects:/home/tao/Documents/AD/carla-ros-bridge/install/carla_manual_control:/home/tao/Documents/AD/carla-ros-bridge/install/carla_ad_agent:/home/tao/Documents/AD/carla-ros-bridge/install/ros_compatibility:/home/tao/Documents/AD/carla-ros-bridge/install/carla_walker_agent:/home/tao/Documents/AD/carla-ros-bridge/install/carla_twist_to_control:/home/tao/Documents/AD/carla-ros-bridge/install/carla_ros_scenario_runner:/home/tao/Documents/AD/carla-ros-bridge/install/carla_common:/home/tao/Documents/AD/autoware/install/simulator_compatibility_test:/home/tao/Documents/AD/autoware/install/ad_api_visualizers:/opt/ros/humble /usr/bin/cmake /home/tao/Documents/ROS2_Project/ws02_tools/src/cpp01_launch -DCMAKE_INSTALL_PREFIX=/home/tao/Documents/ROS2_Project/ws02_tools/install/cpp01_launch
