[0.671s] Invoking command in '/home/tao/Documents/ROS2_Project/ws02_tools/src/py01_launch': PYTHONPATH=/home/tao/Documents/ROS2_Project/ws02_tools/build/py01_launch/prefix_override:/home/tao/Documents/ROS2_Project/ws02_tools/install/py01_launch/lib/python3.10/site-packages:${PYTHONPATH} /usr/bin/python3 -W ignore:setup.py install is deprecated setup.py egg_info --egg-base ../../build/py01_launch build --build-base /home/tao/Documents/ROS2_Project/ws02_tools/build/py01_launch/build install --record /home/tao/Documents/ROS2_Project/ws02_tools/build/py01_launch/install.log --single-version-externally-managed install_data
[0.930s] running egg_info
[0.931s] writing ../../build/py01_launch/py01_launch.egg-info/PKG-INFO
[0.931s] writing dependency_links to ../../build/py01_launch/py01_launch.egg-info/dependency_links.txt
[0.931s] writing entry points to ../../build/py01_launch/py01_launch.egg-info/entry_points.txt
[0.931s] writing requirements to ../../build/py01_launch/py01_launch.egg-info/requires.txt
[0.931s] writing top-level names to ../../build/py01_launch/py01_launch.egg-info/top_level.txt
[0.932s] reading manifest file '../../build/py01_launch/py01_launch.egg-info/SOURCES.txt'
[0.933s] writing manifest file '../../build/py01_launch/py01_launch.egg-info/SOURCES.txt'
[0.933s] running build
[0.933s] running build_py
[0.933s] running install
[0.933s] running install_lib
[0.935s] running install_data
[0.935s] copying launch/py01_helloworld_launch.py -> /home/tao/Documents/ROS2_Project/ws02_tools/install/py01_launch/share/py01_launch
[0.935s] running install_egg_info
[0.937s] removing '/home/tao/Documents/ROS2_Project/ws02_tools/install/py01_launch/lib/python3.10/site-packages/py01_launch-0.0.0-py3.10.egg-info' (and everything under it)
[0.937s] Copying ../../build/py01_launch/py01_launch.egg-info to /home/tao/Documents/ROS2_Project/ws02_tools/install/py01_launch/lib/python3.10/site-packages/py01_launch-0.0.0-py3.10.egg-info
[0.937s] running install_scripts
[0.954s] writing list of installed files to '/home/tao/Documents/ROS2_Project/ws02_tools/build/py01_launch/install.log'
[0.967s] Invoked command in '/home/tao/Documents/ROS2_Project/ws02_tools/src/py01_launch' returned '0': PYTHONPATH=/home/tao/Documents/ROS2_Project/ws02_tools/build/py01_launch/prefix_override:/home/tao/Documents/ROS2_Project/ws02_tools/install/py01_launch/lib/python3.10/site-packages:${PYTHONPATH} /usr/bin/python3 -W ignore:setup.py install is deprecated setup.py egg_info --egg-base ../../build/py01_launch build --build-base /home/tao/Documents/ROS2_Project/ws02_tools/build/py01_launch/build install --record /home/tao/Documents/ROS2_Project/ws02_tools/build/py01_launch/install.log --single-version-externally-managed install_data
